#1 [internal] load .dockerignore
#1 transferring context: 2B done
#1 DONE 0.0s

#2 [internal] load build definition from Dockerfile
#2 transferring dockerfile: 453B 0.0s done
#2 DONE 0.1s

#3 [internal] load metadata for docker.io/library/node:20.1.0-bullseye
#3 DONE 1.8s

#4 [1/4] FROM docker.io/library/node:20.1.0-bullseye@sha256:0efc3ef3fea2822c9d16da084c40181ed7f74b6f45141100580f9887ccc8e9a1
#4 DONE 0.0s

#5 [2/4] WORKDIR /app
#5 CACHED

#6 [3/4] RUN apt-get update
#6 CACHED

#7 [4/4] RUN apt-get install -y build-essential cmake git openssh-server gdb pkg-config valgrind systemd-coredump
#7 CACHED

#8 exporting to image
#8 exporting layers done
#8 writing image sha256:520fbe4956f762f320ef365b50d55a9ff78780d770ee8cb7f7e76feedb3ca8ef done
#8 naming to docker.io/library/base_os:0.0.1 done
#8 DONE 0.0s
#1 [internal] load build definition from Dockerfile
#1 transferring dockerfile: 3.87kB 0.0s done
#1 DONE 0.1s

#2 [internal] load .dockerignore
#2 transferring context: 2B done
#2 DONE 0.1s

#3 [internal] load metadata for docker.io/library/base_os:0.0.1
#3 DONE 0.0s

#4 [ 1/79] FROM docker.io/library/base_os:0.0.1
#4 DONE 0.0s

#5 [19/79] RUN npm --global --loglevel info install react
#5 CACHED

#6 [ 2/79] RUN npm set progress=true
#6 CACHED

#7 [24/79] RUN npm --global --loglevel info install sharp
#7 CACHED

#8 [22/79] RUN npm --global --loglevel info install passport
#8 CACHED

#9 [ 4/79] RUN npm --global --loglevel info install lodash
#9 CACHED

#10 [15/79] RUN npm --global --loglevel info install grunt-cli
#10 CACHED

#11 [ 5/79] RUN npm --global --loglevel info install eslint
#11 CACHED

#12 [16/79] RUN npm --global --loglevel info install grunt
#12 CACHED

#13 [ 8/79] RUN npm --global --loglevel info install restify
#13 CACHED

#14 [13/79] RUN npm --global --loglevel info install async
#14 CACHED

#15 [17/79] RUN npm --global --loglevel info install pm2
#15 CACHED

#16 [20/79] RUN npm --global --loglevel info install redux
#16 CACHED

#17 [12/79] RUN npm --global --loglevel info install agenda
#17 CACHED

#18 [ 9/79] RUN npm --global --loglevel info install nodemailer
#18 CACHED

#19 [ 3/79] RUN npm --global --loglevel info install express
#19 CACHED

#20 [21/79] RUN npm --global --loglevel info install dotenv
#20 CACHED

#21 [ 6/79] RUN npm --global --loglevel info install morgan
#21 CACHED

#22 [23/79] RUN npm --global --loglevel info install winston
#22 CACHED

#23 [11/79] RUN npm --global --loglevel info install molecular
#23 CACHED

#24 [14/79] RUN npm --global --loglevel info install axios
#24 CACHED

#25 [18/79] RUN npm --global --loglevel info install socket.io
#25 CACHED

#26 [ 7/79] RUN npm --global --loglevel info install nodemon
#26 CACHED

#27 [10/79] RUN npm --global --loglevel info install gulp
#27 CACHED

#28 [25/79] RUN npm --global --loglevel info install puppeteer
#28 CACHED

#29 [26/79] RUN npm --global --loglevel info install Request
#29 2.389 npm info using npm@9.6.4
#29 2.398 npm info using node@v20.1.0
#29 3.051 npm http fetch GET 404 https://registry.npmjs.org/Request 536ms (cache skip)
#29 4.189 npm http fetch GET 404 https://registry.npmjs.org/Request 1125ms (cache skip)
#29 4.212 npm ERR! code E404
#29 4.223 npm ERR! 404 Not Found - GET https://registry.npmjs.org/Request - Not found
#29 4.233 npm ERR! 404 
#29 4.233 npm ERR! 404  'Request@*' is not in this registry.
#29 4.233 npm ERR! 404 This package name is not valid, because 
#29 4.233 npm ERR! 404  1. name can no longer contain capital letters
#29 4.233 npm ERR! 404 
#29 4.233 npm ERR! 404 Note that you can also install from a
#29 4.233 npm ERR! 404 tarball, folder, http url, or git url.
#29 4.233 
#29 4.234 npm ERR! A complete log of this run can be found in: /root/.npm/_logs/2023-05-28T06_25_32_358Z-debug-0.log
#29 ERROR: process "/bin/sh -c npm --global --loglevel info install Request" did not complete successfully: exit code: 1
------
 > [26/79] RUN npm --global --loglevel info install Request:
#29 4.223 npm ERR! 404 Not Found - GET https://registry.npmjs.org/Request - Not found
#29 4.233 npm ERR! 404 
#29 4.233 npm ERR! 404  'Request@*' is not in this registry.
#29 4.233 npm ERR! 404 This package name is not valid, because 
#29 4.233 npm ERR! 404  1. name can no longer contain capital letters
#29 4.233 npm ERR! 404 
#29 4.233 npm ERR! 404 Note that you can also install from a
#29 4.233 npm ERR! 404 tarball, folder, http url, or git url.
#29 4.233 
#29 4.234 npm ERR! A complete log of this run can be found in: /root/.npm/_logs/2023-05-28T06_25_32_358Z-debug-0.log
------
Dockerfile:29
--------------------
  27 |     RUN npm --global --loglevel info install sharp
  28 |     RUN npm --global --loglevel info install puppeteer
  29 | >>> RUN npm --global --loglevel info install Request
  30 |     RUN npm --global --loglevel info install Browserify
  31 |     RUN npm --global --loglevel info install Bower
--------------------
ERROR: failed to solve: process "/bin/sh -c npm --global --loglevel info install Request" did not complete successfully: exit code: 1
